CRITICAL - 2023-07-12 09:25:06 --> The framework needs the following extension(s) installed and loaded: intl.
in SYSTEMPATH\CodeIgniter.php on line 226.
 1 SYSTEMPATH\CodeIgniter.php(226): CodeIgniter\Exceptions\FrameworkException::forMissingExtension('intl')
 2 SYSTEMPATH\CodeIgniter.php(190): CodeIgniter\CodeIgniter->resolvePlatformExtensions()
 3 ROOTPATH\spark(83): CodeIgniter\CodeIgniter->initialize()
CRITICAL - 2023-07-12 09:26:54 --> The framework needs the following extension(s) installed and loaded: intl.
in SYSTEMPATH\CodeIgniter.php on line 226.
 1 SYSTEMPATH\CodeIgniter.php(226): CodeIgniter\Exceptions\FrameworkException::forMissingExtension('intl')
 2 SYSTEMPATH\CodeIgniter.php(190): CodeIgniter\CodeIgniter->resolvePlatformExtensions()
 3 ROOTPATH\spark(83): CodeIgniter\CodeIgniter->initialize()
CRITICAL - 2023-07-12 09:28:23 --> The framework needs the following extension(s) installed and loaded: intl.
in SYSTEMPATH\CodeIgniter.php on line 226.
 1 SYSTEMPATH\CodeIgniter.php(226): CodeIgniter\Exceptions\FrameworkException::forMissingExtension('intl')
 2 SYSTEMPATH\CodeIgniter.php(190): CodeIgniter\CodeIgniter->resolvePlatformExtensions()
 3 ROOTPATH\spark(83): CodeIgniter\CodeIgniter->initialize()
CRITICAL - 2023-07-12 09:30:10 --> The framework needs the following extension(s) installed and loaded: intl.
in SYSTEMPATH\CodeIgniter.php on line 226.
 1 SYSTEMPATH\CodeIgniter.php(226): CodeIgniter\Exceptions\FrameworkException::forMissingExtension('intl')
 2 SYSTEMPATH\CodeIgniter.php(190): CodeIgniter\CodeIgniter->resolvePlatformExtensions()
 3 ROOTPATH\spark(83): CodeIgniter\CodeIgniter->initialize()
ERROR - 2023-07-12 08:04:39 --> Error connecting to the database: Error: Call to undefined function CodeIgniter\Database\Postgre\pg_connect() in C:\xampp\htdocs\websc\system\Database\Postgre\Connection.php:72
Stack trace:
#0 C:\xampp\htdocs\websc\system\Database\BaseConnection.php(391): CodeIgniter\Database\Postgre\Connection->connect(false)
#1 C:\xampp\htdocs\websc\system\Database\BaseConnection.php(574): CodeIgniter\Database\BaseConnection->initialize()
#2 C:\xampp\htdocs\websc\system\Database\BaseConnection.php(1409): CodeIgniter\Database\BaseConnection->query('SELECT "table_n...')
#3 C:\xampp\htdocs\websc\system\Database\BaseConnection.php(1428): CodeIgniter\Database\BaseConnection->listTables()
#4 C:\xampp\htdocs\websc\system\Database\MigrationRunner.php(768): CodeIgniter\Database\BaseConnection->tableExists('migrations')
#5 C:\xampp\htdocs\websc\system\Database\MigrationRunner.php(168): CodeIgniter\Database\MigrationRunner->ensureTable()
#6 C:\xampp\htdocs\websc\system\Commands\Database\Migrate.php(84): CodeIgniter\Database\MigrationRunner->latest(NULL)
#7 C:\xampp\htdocs\websc\vendor\codeigniter4\shield\src\Commands\Setup.php(308): CodeIgniter\Commands\Database\Migrate->run(Array)
#8 C:\xampp\htdocs\websc\vendor\codeigniter4\shield\src\Commands\Setup.php(92): CodeIgniter\Shield\Commands\Setup->runMigrations()
#9 C:\xampp\htdocs\websc\vendor\codeigniter4\shield\src\Commands\Setup.php(79): CodeIgniter\Shield\Commands\Setup->publishConfig()
#10 C:\xampp\htdocs\websc\system\CLI\Commands.php(65): CodeIgniter\Shield\Commands\Setup->run(Array)
#11 C:\xampp\htdocs\websc\system\CLI\Console.php(37): CodeIgniter\CLI\Commands->run('shield:setup', Array)
#12 C:\xampp\htdocs\websc\spark(97): CodeIgniter\CLI\Console->run()
#13 {main}
ERROR - 2023-07-12 08:05:03 --> Error connecting to the database: Error: Call to undefined function CodeIgniter\Database\Postgre\pg_connect() in C:\xampp\htdocs\websc\system\Database\Postgre\Connection.php:72
Stack trace:
#0 C:\xampp\htdocs\websc\system\Database\BaseConnection.php(391): CodeIgniter\Database\Postgre\Connection->connect(false)
#1 C:\xampp\htdocs\websc\system\Database\BaseConnection.php(574): CodeIgniter\Database\BaseConnection->initialize()
#2 C:\xampp\htdocs\websc\system\Database\BaseConnection.php(1409): CodeIgniter\Database\BaseConnection->query('SELECT "table_n...')
#3 C:\xampp\htdocs\websc\system\Database\BaseConnection.php(1428): CodeIgniter\Database\BaseConnection->listTables()
#4 C:\xampp\htdocs\websc\system\Database\MigrationRunner.php(768): CodeIgniter\Database\BaseConnection->tableExists('migrations')
#5 C:\xampp\htdocs\websc\system\Database\MigrationRunner.php(168): CodeIgniter\Database\MigrationRunner->ensureTable()
#6 C:\xampp\htdocs\websc\system\Commands\Database\Migrate.php(84): CodeIgniter\Database\MigrationRunner->latest(NULL)
#7 C:\xampp\htdocs\websc\vendor\codeigniter4\shield\src\Commands\Setup.php(308): CodeIgniter\Commands\Database\Migrate->run(Array)
#8 C:\xampp\htdocs\websc\vendor\codeigniter4\shield\src\Commands\Setup.php(92): CodeIgniter\Shield\Commands\Setup->runMigrations()
#9 C:\xampp\htdocs\websc\vendor\codeigniter4\shield\src\Commands\Setup.php(79): CodeIgniter\Shield\Commands\Setup->publishConfig()
#10 C:\xampp\htdocs\websc\system\CLI\Commands.php(65): CodeIgniter\Shield\Commands\Setup->run(Array)
#11 C:\xampp\htdocs\websc\system\CLI\Console.php(37): CodeIgniter\CLI\Commands->run('shield:setup', Array)
#12 C:\xampp\htdocs\websc\spark(97): CodeIgniter\CLI\Console->run()
#13 {main}
ERROR - 2023-07-12 08:06:12 --> Error connecting to the database: Error: Call to undefined function CodeIgniter\Database\Postgre\pg_connect() in C:\xampp\htdocs\websc\system\Database\Postgre\Connection.php:72
Stack trace:
#0 C:\xampp\htdocs\websc\system\Database\BaseConnection.php(391): CodeIgniter\Database\Postgre\Connection->connect(false)
#1 C:\xampp\htdocs\websc\system\Database\BaseConnection.php(574): CodeIgniter\Database\BaseConnection->initialize()
#2 C:\xampp\htdocs\websc\system\Database\BaseConnection.php(1409): CodeIgniter\Database\BaseConnection->query('SELECT "table_n...')
#3 C:\xampp\htdocs\websc\system\Database\BaseConnection.php(1428): CodeIgniter\Database\BaseConnection->listTables()
#4 C:\xampp\htdocs\websc\system\Database\MigrationRunner.php(768): CodeIgniter\Database\BaseConnection->tableExists('migrations')
#5 C:\xampp\htdocs\websc\system\Database\MigrationRunner.php(168): CodeIgniter\Database\MigrationRunner->ensureTable()
#6 C:\xampp\htdocs\websc\system\Commands\Database\Migrate.php(84): CodeIgniter\Database\MigrationRunner->latest(NULL)
#7 C:\xampp\htdocs\websc\vendor\codeigniter4\shield\src\Commands\Setup.php(308): CodeIgniter\Commands\Database\Migrate->run(Array)
#8 C:\xampp\htdocs\websc\vendor\codeigniter4\shield\src\Commands\Setup.php(92): CodeIgniter\Shield\Commands\Setup->runMigrations()
#9 C:\xampp\htdocs\websc\vendor\codeigniter4\shield\src\Commands\Setup.php(79): CodeIgniter\Shield\Commands\Setup->publishConfig()
#10 C:\xampp\htdocs\websc\system\CLI\Commands.php(65): CodeIgniter\Shield\Commands\Setup->run(Array)
#11 C:\xampp\htdocs\websc\system\CLI\Console.php(37): CodeIgniter\CLI\Commands->run('shield:setup', Array)
#12 C:\xampp\htdocs\websc\spark(97): CodeIgniter\CLI\Console->run()
#13 {main}
ERROR - 2023-07-12 08:06:52 --> Error connecting to the database: Error: Call to undefined function CodeIgniter\Database\Postgre\pg_connect() in C:\xampp\htdocs\websc\system\Database\Postgre\Connection.php:72
Stack trace:
#0 C:\xampp\htdocs\websc\system\Database\BaseConnection.php(391): CodeIgniter\Database\Postgre\Connection->connect(false)
#1 C:\xampp\htdocs\websc\system\Database\BaseConnection.php(574): CodeIgniter\Database\BaseConnection->initialize()
#2 C:\xampp\htdocs\websc\system\Database\BaseConnection.php(1409): CodeIgniter\Database\BaseConnection->query('SELECT "table_n...')
#3 C:\xampp\htdocs\websc\system\Database\BaseConnection.php(1428): CodeIgniter\Database\BaseConnection->listTables()
#4 C:\xampp\htdocs\websc\system\Database\MigrationRunner.php(768): CodeIgniter\Database\BaseConnection->tableExists('migrations')
#5 C:\xampp\htdocs\websc\system\Database\MigrationRunner.php(168): CodeIgniter\Database\MigrationRunner->ensureTable()
#6 C:\xampp\htdocs\websc\system\Commands\Database\Migrate.php(84): CodeIgniter\Database\MigrationRunner->latest(NULL)
#7 C:\xampp\htdocs\websc\vendor\codeigniter4\shield\src\Commands\Setup.php(308): CodeIgniter\Commands\Database\Migrate->run(Array)
#8 C:\xampp\htdocs\websc\vendor\codeigniter4\shield\src\Commands\Setup.php(92): CodeIgniter\Shield\Commands\Setup->runMigrations()
#9 C:\xampp\htdocs\websc\vendor\codeigniter4\shield\src\Commands\Setup.php(79): CodeIgniter\Shield\Commands\Setup->publishConfig()
#10 C:\xampp\htdocs\websc\system\CLI\Commands.php(65): CodeIgniter\Shield\Commands\Setup->run(Array)
#11 C:\xampp\htdocs\websc\system\CLI\Console.php(37): CodeIgniter\CLI\Commands->run('shield:setup', Array)
#12 C:\xampp\htdocs\websc\spark(97): CodeIgniter\CLI\Console->run()
#13 {main}
ERROR - 2023-07-12 08:07:14 --> Error connecting to the database: Error: Call to undefined function CodeIgniter\Database\Postgre\pg_connect() in C:\xampp\htdocs\websc\system\Database\Postgre\Connection.php:72
Stack trace:
#0 C:\xampp\htdocs\websc\system\Database\BaseConnection.php(391): CodeIgniter\Database\Postgre\Connection->connect(false)
#1 C:\xampp\htdocs\websc\system\Database\BaseConnection.php(574): CodeIgniter\Database\BaseConnection->initialize()
#2 C:\xampp\htdocs\websc\system\Database\BaseConnection.php(1409): CodeIgniter\Database\BaseConnection->query('SELECT "table_n...')
#3 C:\xampp\htdocs\websc\system\Database\BaseConnection.php(1428): CodeIgniter\Database\BaseConnection->listTables()
#4 C:\xampp\htdocs\websc\system\Database\MigrationRunner.php(768): CodeIgniter\Database\BaseConnection->tableExists('migrations')
#5 C:\xampp\htdocs\websc\system\Database\MigrationRunner.php(168): CodeIgniter\Database\MigrationRunner->ensureTable()
#6 C:\xampp\htdocs\websc\system\Commands\Database\Migrate.php(84): CodeIgniter\Database\MigrationRunner->latest(NULL)
#7 C:\xampp\htdocs\websc\vendor\codeigniter4\shield\src\Commands\Setup.php(308): CodeIgniter\Commands\Database\Migrate->run(Array)
#8 C:\xampp\htdocs\websc\vendor\codeigniter4\shield\src\Commands\Setup.php(92): CodeIgniter\Shield\Commands\Setup->runMigrations()
#9 C:\xampp\htdocs\websc\vendor\codeigniter4\shield\src\Commands\Setup.php(79): CodeIgniter\Shield\Commands\Setup->publishConfig()
#10 C:\xampp\htdocs\websc\system\CLI\Commands.php(65): CodeIgniter\Shield\Commands\Setup->run(Array)
#11 C:\xampp\htdocs\websc\system\CLI\Console.php(37): CodeIgniter\CLI\Commands->run('shield:setup', Array)
#12 C:\xampp\htdocs\websc\spark(97): CodeIgniter\CLI\Console->run()
#13 {main}
ERROR - 2023-07-12 08:08:26 --> Error connecting to the database: ErrorException: pg_connect(): Unable to connect to PostgreSQL server: FATAL:  password authentication failed for user "postgre" in C:\xampp\htdocs\websc\system\Database\Postgre\Connection.php:72
Stack trace:
#0 [internal function]: CodeIgniter\Debug\Exceptions->errorHandler(2, 'pg_connect(): U...', 'C:\\xampp\\htdocs...', 72)
#1 C:\xampp\htdocs\websc\system\Database\Postgre\Connection.php(72): pg_connect('host=localhost ...')
#2 C:\xampp\htdocs\websc\system\Database\BaseConnection.php(391): CodeIgniter\Database\Postgre\Connection->connect(false)
#3 C:\xampp\htdocs\websc\system\Database\BaseConnection.php(574): CodeIgniter\Database\BaseConnection->initialize()
#4 C:\xampp\htdocs\websc\system\Database\BaseConnection.php(1409): CodeIgniter\Database\BaseConnection->query('SELECT "table_n...')
#5 C:\xampp\htdocs\websc\system\Database\BaseConnection.php(1428): CodeIgniter\Database\BaseConnection->listTables()
#6 C:\xampp\htdocs\websc\system\Database\MigrationRunner.php(768): CodeIgniter\Database\BaseConnection->tableExists('migrations')
#7 C:\xampp\htdocs\websc\system\Database\MigrationRunner.php(168): CodeIgniter\Database\MigrationRunner->ensureTable()
#8 C:\xampp\htdocs\websc\system\Commands\Database\Migrate.php(84): CodeIgniter\Database\MigrationRunner->latest(NULL)
#9 C:\xampp\htdocs\websc\vendor\codeigniter4\shield\src\Commands\Setup.php(308): CodeIgniter\Commands\Database\Migrate->run(Array)
#10 C:\xampp\htdocs\websc\vendor\codeigniter4\shield\src\Commands\Setup.php(92): CodeIgniter\Shield\Commands\Setup->runMigrations()
#11 C:\xampp\htdocs\websc\vendor\codeigniter4\shield\src\Commands\Setup.php(79): CodeIgniter\Shield\Commands\Setup->publishConfig()
#12 C:\xampp\htdocs\websc\system\CLI\Commands.php(65): CodeIgniter\Shield\Commands\Setup->run(Array)
#13 C:\xampp\htdocs\websc\system\CLI\Console.php(37): CodeIgniter\CLI\Commands->run('shield:setup', Array)
#14 C:\xampp\htdocs\websc\spark(97): CodeIgniter\CLI\Console->run()
#15 {main}
ERROR - 2023-07-12 08:08:44 --> Error connecting to the database: ErrorException: pg_connect(): Unable to connect to PostgreSQL server: FATAL:  password authentication failed for user "postgre" in C:\xampp\htdocs\websc\system\Database\Postgre\Connection.php:72
Stack trace:
#0 [internal function]: CodeIgniter\Debug\Exceptions->errorHandler(2, 'pg_connect(): U...', 'C:\\xampp\\htdocs...', 72)
#1 C:\xampp\htdocs\websc\system\Database\Postgre\Connection.php(72): pg_connect('host=localhost ...')
#2 C:\xampp\htdocs\websc\system\Database\BaseConnection.php(391): CodeIgniter\Database\Postgre\Connection->connect(false)
#3 C:\xampp\htdocs\websc\system\Database\BaseConnection.php(574): CodeIgniter\Database\BaseConnection->initialize()
#4 C:\xampp\htdocs\websc\system\Database\BaseConnection.php(1409): CodeIgniter\Database\BaseConnection->query('SELECT "table_n...')
#5 C:\xampp\htdocs\websc\system\Database\BaseConnection.php(1428): CodeIgniter\Database\BaseConnection->listTables()
#6 C:\xampp\htdocs\websc\system\Database\MigrationRunner.php(768): CodeIgniter\Database\BaseConnection->tableExists('migrations')
#7 C:\xampp\htdocs\websc\system\Database\MigrationRunner.php(168): CodeIgniter\Database\MigrationRunner->ensureTable()
#8 C:\xampp\htdocs\websc\system\Commands\Database\Migrate.php(84): CodeIgniter\Database\MigrationRunner->latest(NULL)
#9 C:\xampp\htdocs\websc\vendor\codeigniter4\shield\src\Commands\Setup.php(308): CodeIgniter\Commands\Database\Migrate->run(Array)
#10 C:\xampp\htdocs\websc\vendor\codeigniter4\shield\src\Commands\Setup.php(92): CodeIgniter\Shield\Commands\Setup->runMigrations()
#11 C:\xampp\htdocs\websc\vendor\codeigniter4\shield\src\Commands\Setup.php(79): CodeIgniter\Shield\Commands\Setup->publishConfig()
#12 C:\xampp\htdocs\websc\system\CLI\Commands.php(65): CodeIgniter\Shield\Commands\Setup->run(Array)
#13 C:\xampp\htdocs\websc\system\CLI\Console.php(37): CodeIgniter\CLI\Commands->run('shield:setup', Array)
#14 C:\xampp\htdocs\websc\spark(97): CodeIgniter\CLI\Console->run()
#15 {main}
