CRITICAL - 2023-07-13 04:19:00 --> CodeIgniter\Shield\Auth::routes(): Argument #1 ($routes) cannot be passed by reference
in APPPATH\Config\Routes.php on line 32.
 1 SYSTEMPATH\Router\RouteCollection.php(267): require()
 2 SYSTEMPATH\CodeIgniter.php(800): CodeIgniter\Router\RouteCollection->loadRoutes()
 3 SYSTEMPATH\CodeIgniter.php(447): CodeIgniter\CodeIgniter->tryToRouteIt(null)
 4 SYSTEMPATH\CodeIgniter.php(366): CodeIgniter\CodeIgniter->handleRequest(null, Object(Config\Cache), false)
 5 FCPATH\index.php(67): CodeIgniter\CodeIgniter->run()
CRITICAL - 2023-07-13 04:19:02 --> CodeIgniter\Shield\Auth::routes(): Argument #1 ($routes) cannot be passed by reference
in APPPATH\Config\Routes.php on line 32.
 1 SYSTEMPATH\Router\RouteCollection.php(267): require()
 2 SYSTEMPATH\CodeIgniter.php(800): CodeIgniter\Router\RouteCollection->loadRoutes()
 3 SYSTEMPATH\CodeIgniter.php(447): CodeIgniter\CodeIgniter->tryToRouteIt(null)
 4 SYSTEMPATH\CodeIgniter.php(366): CodeIgniter\CodeIgniter->handleRequest(null, Object(Config\Cache), false)
 5 FCPATH\index.php(67): CodeIgniter\CodeIgniter->run()
CRITICAL - 2023-07-13 04:48:23 --> The user has User Info in Session, so already logged in or in pending login state. If a logged in user logs in again with other account, the session data of the previous user will be used as the new user. Fix your code to prevent users from logging in without logging out or delete the session data. user_id: 1
in VENDORPATH\codeigniter4\shield\src\Authentication\Authenticators\Session.php on line 655.
 1 VENDORPATH\codeigniter4\shield\src\Authentication\Authenticators\Session.php(170): CodeIgniter\Shield\Authentication\Authenticators\Session->startLogin(Object(CodeIgniter\Shield\Entities\User))
 2 VENDORPATH\codeigniter4\shield\src\Controllers\LoginController.php(63): CodeIgniter\Shield\Authentication\Authenticators\Session->attempt([...])
 3 SYSTEMPATH\CodeIgniter.php(932): CodeIgniter\Shield\Controllers\LoginController->loginAction()
 4 SYSTEMPATH\CodeIgniter.php(497): CodeIgniter\CodeIgniter->runController(Object(CodeIgniter\Shield\Controllers\LoginController))
 5 SYSTEMPATH\CodeIgniter.php(366): CodeIgniter\CodeIgniter->handleRequest(null, Object(Config\Cache), false)
 6 FCPATH\index.php(67): CodeIgniter\CodeIgniter->run()
CRITICAL - 2023-07-13 04:48:39 --> The user has User Info in Session, so already logged in or in pending login state. If a logged in user logs in again with other account, the session data of the previous user will be used as the new user. Fix your code to prevent users from logging in without logging out or delete the session data. user_id: 1
in VENDORPATH\codeigniter4\shield\src\Authentication\Authenticators\Session.php on line 655.
 1 VENDORPATH\codeigniter4\shield\src\Authentication\Authenticators\Session.php(170): CodeIgniter\Shield\Authentication\Authenticators\Session->startLogin(Object(CodeIgniter\Shield\Entities\User))
 2 VENDORPATH\codeigniter4\shield\src\Controllers\LoginController.php(63): CodeIgniter\Shield\Authentication\Authenticators\Session->attempt([...])
 3 SYSTEMPATH\CodeIgniter.php(932): CodeIgniter\Shield\Controllers\LoginController->loginAction()
 4 SYSTEMPATH\CodeIgniter.php(497): CodeIgniter\CodeIgniter->runController(Object(CodeIgniter\Shield\Controllers\LoginController))
 5 SYSTEMPATH\CodeIgniter.php(366): CodeIgniter\CodeIgniter->handleRequest(null, Object(Config\Cache), false)
 6 FCPATH\index.php(67): CodeIgniter\CodeIgniter->run()
CRITICAL - 2023-07-13 04:49:08 --> The user has User Info in Session, so already logged in or in pending login state. If a logged in user logs in again with other account, the session data of the previous user will be used as the new user. Fix your code to prevent users from logging in without logging out or delete the session data. user_id: 1
in VENDORPATH\codeigniter4\shield\src\Authentication\Authenticators\Session.php on line 655.
 1 VENDORPATH\codeigniter4\shield\src\Authentication\Authenticators\Session.php(170): CodeIgniter\Shield\Authentication\Authenticators\Session->startLogin(Object(CodeIgniter\Shield\Entities\User))
 2 VENDORPATH\codeigniter4\shield\src\Controllers\LoginController.php(63): CodeIgniter\Shield\Authentication\Authenticators\Session->attempt([...])
 3 SYSTEMPATH\CodeIgniter.php(932): CodeIgniter\Shield\Controllers\LoginController->loginAction()
 4 SYSTEMPATH\CodeIgniter.php(497): CodeIgniter\CodeIgniter->runController(Object(CodeIgniter\Shield\Controllers\LoginController))
 5 SYSTEMPATH\CodeIgniter.php(366): CodeIgniter\CodeIgniter->handleRequest(null, Object(Config\Cache), false)
 6 FCPATH\index.php(67): CodeIgniter\CodeIgniter->run()
CRITICAL - 2023-07-13 04:49:20 --> The user has User Info in Session, so already logged in or in pending login state. If a logged in user logs in again with other account, the session data of the previous user will be used as the new user. Fix your code to prevent users from logging in without logging out or delete the session data. user_id: 1
in VENDORPATH\codeigniter4\shield\src\Authentication\Authenticators\Session.php on line 655.
 1 VENDORPATH\codeigniter4\shield\src\Authentication\Authenticators\Session.php(170): CodeIgniter\Shield\Authentication\Authenticators\Session->startLogin(Object(CodeIgniter\Shield\Entities\User))
 2 VENDORPATH\codeigniter4\shield\src\Controllers\LoginController.php(63): CodeIgniter\Shield\Authentication\Authenticators\Session->attempt([...])
 3 SYSTEMPATH\CodeIgniter.php(932): CodeIgniter\Shield\Controllers\LoginController->loginAction()
 4 SYSTEMPATH\CodeIgniter.php(497): CodeIgniter\CodeIgniter->runController(Object(CodeIgniter\Shield\Controllers\LoginController))
 5 SYSTEMPATH\CodeIgniter.php(366): CodeIgniter\CodeIgniter->handleRequest(null, Object(Config\Cache), false)
 6 FCPATH\index.php(67): CodeIgniter\CodeIgniter->run()
CRITICAL - 2023-07-13 04:50:28 --> The user has User Info in Session, so already logged in or in pending login state. If a logged in user logs in again with other account, the session data of the previous user will be used as the new user. Fix your code to prevent users from logging in without logging out or delete the session data. user_id: 1
in VENDORPATH\codeigniter4\shield\src\Authentication\Authenticators\Session.php on line 655.
 1 VENDORPATH\codeigniter4\shield\src\Authentication\Authenticators\Session.php(170): CodeIgniter\Shield\Authentication\Authenticators\Session->startLogin(Object(CodeIgniter\Shield\Entities\User))
 2 VENDORPATH\codeigniter4\shield\src\Controllers\LoginController.php(63): CodeIgniter\Shield\Authentication\Authenticators\Session->attempt([...])
 3 SYSTEMPATH\CodeIgniter.php(932): CodeIgniter\Shield\Controllers\LoginController->loginAction()
 4 SYSTEMPATH\CodeIgniter.php(497): CodeIgniter\CodeIgniter->runController(Object(CodeIgniter\Shield\Controllers\LoginController))
 5 SYSTEMPATH\CodeIgniter.php(366): CodeIgniter\CodeIgniter->handleRequest(null, Object(Config\Cache), false)
 6 FCPATH\index.php(67): CodeIgniter\CodeIgniter->run()
CRITICAL - 2023-07-13 04:50:55 --> The user has User Info in Session, so already logged in or in pending login state. If a logged in user logs in again with other account, the session data of the previous user will be used as the new user. Fix your code to prevent users from logging in without logging out or delete the session data. user_id: 1
in VENDORPATH\codeigniter4\shield\src\Authentication\Authenticators\Session.php on line 655.
 1 VENDORPATH\codeigniter4\shield\src\Authentication\Authenticators\Session.php(170): CodeIgniter\Shield\Authentication\Authenticators\Session->startLogin(Object(CodeIgniter\Shield\Entities\User))
 2 VENDORPATH\codeigniter4\shield\src\Controllers\LoginController.php(63): CodeIgniter\Shield\Authentication\Authenticators\Session->attempt([...])
 3 SYSTEMPATH\CodeIgniter.php(932): CodeIgniter\Shield\Controllers\LoginController->loginAction()
 4 SYSTEMPATH\CodeIgniter.php(497): CodeIgniter\CodeIgniter->runController(Object(CodeIgniter\Shield\Controllers\LoginController))
 5 SYSTEMPATH\CodeIgniter.php(366): CodeIgniter\CodeIgniter->handleRequest(null, Object(Config\Cache), false)
 6 FCPATH\index.php(67): CodeIgniter\CodeIgniter->run()
CRITICAL - 2023-07-13 04:51:48 --> The user has User Info in Session, so already logged in or in pending login state. If a logged in user logs in again with other account, the session data of the previous user will be used as the new user. Fix your code to prevent users from logging in without logging out or delete the session data. user_id: 1
in VENDORPATH\codeigniter4\shield\src\Authentication\Authenticators\Session.php on line 655.
 1 VENDORPATH\codeigniter4\shield\src\Authentication\Authenticators\Session.php(170): CodeIgniter\Shield\Authentication\Authenticators\Session->startLogin(Object(CodeIgniter\Shield\Entities\User))
 2 VENDORPATH\codeigniter4\shield\src\Controllers\LoginController.php(63): CodeIgniter\Shield\Authentication\Authenticators\Session->attempt([...])
 3 SYSTEMPATH\CodeIgniter.php(932): CodeIgniter\Shield\Controllers\LoginController->loginAction()
 4 SYSTEMPATH\CodeIgniter.php(497): CodeIgniter\CodeIgniter->runController(Object(CodeIgniter\Shield\Controllers\LoginController))
 5 SYSTEMPATH\CodeIgniter.php(366): CodeIgniter\CodeIgniter->handleRequest(null, Object(Config\Cache), false)
 6 FCPATH\index.php(67): CodeIgniter\CodeIgniter->run()
CRITICAL - 2023-07-13 05:06:54 --> The user has User Info in Session, so already logged in or in pending login state. If a logged in user logs in again with other account, the session data of the previous user will be used as the new user. Fix your code to prevent users from logging in without logging out or delete the session data. user_id: 1
in VENDORPATH\codeigniter4\shield\src\Authentication\Authenticators\Session.php on line 655.
 1 VENDORPATH\codeigniter4\shield\src\Authentication\Authenticators\Session.php(170): CodeIgniter\Shield\Authentication\Authenticators\Session->startLogin(Object(CodeIgniter\Shield\Entities\User))
 2 VENDORPATH\codeigniter4\shield\src\Controllers\LoginController.php(63): CodeIgniter\Shield\Authentication\Authenticators\Session->attempt([...])
 3 SYSTEMPATH\CodeIgniter.php(932): CodeIgniter\Shield\Controllers\LoginController->loginAction()
 4 SYSTEMPATH\CodeIgniter.php(497): CodeIgniter\CodeIgniter->runController(Object(CodeIgniter\Shield\Controllers\LoginController))
 5 SYSTEMPATH\CodeIgniter.php(366): CodeIgniter\CodeIgniter->handleRequest(null, Object(Config\Cache), false)
 6 FCPATH\index.php(67): CodeIgniter\CodeIgniter->run()
CRITICAL - 2023-07-13 05:14:37 --> The user has User Info in Session, so already logged in or in pending login state. If a logged in user logs in again with other account, the session data of the previous user will be used as the new user. Fix your code to prevent users from logging in without logging out or delete the session data. user_id: 1
in VENDORPATH\codeigniter4\shield\src\Authentication\Authenticators\Session.php on line 655.
 1 VENDORPATH\codeigniter4\shield\src\Authentication\Authenticators\Session.php(170): CodeIgniter\Shield\Authentication\Authenticators\Session->startLogin(Object(CodeIgniter\Shield\Entities\User))
 2 VENDORPATH\codeigniter4\shield\src\Controllers\LoginController.php(63): CodeIgniter\Shield\Authentication\Authenticators\Session->attempt([...])
 3 SYSTEMPATH\CodeIgniter.php(932): CodeIgniter\Shield\Controllers\LoginController->loginAction()
 4 SYSTEMPATH\CodeIgniter.php(497): CodeIgniter\CodeIgniter->runController(Object(CodeIgniter\Shield\Controllers\LoginController))
 5 SYSTEMPATH\CodeIgniter.php(366): CodeIgniter\CodeIgniter->handleRequest(null, Object(Config\Cache), false)
 6 FCPATH\index.php(67): CodeIgniter\CodeIgniter->run()
CRITICAL - 2023-07-13 05:14:47 --> The user has User Info in Session, so already logged in or in pending login state. If a logged in user logs in again with other account, the session data of the previous user will be used as the new user. Fix your code to prevent users from logging in without logging out or delete the session data. user_id: 1
in VENDORPATH\codeigniter4\shield\src\Authentication\Authenticators\Session.php on line 655.
 1 VENDORPATH\codeigniter4\shield\src\Authentication\Authenticators\Session.php(170): CodeIgniter\Shield\Authentication\Authenticators\Session->startLogin(Object(CodeIgniter\Shield\Entities\User))
 2 VENDORPATH\codeigniter4\shield\src\Controllers\LoginController.php(63): CodeIgniter\Shield\Authentication\Authenticators\Session->attempt([...])
 3 SYSTEMPATH\CodeIgniter.php(932): CodeIgniter\Shield\Controllers\LoginController->loginAction()
 4 SYSTEMPATH\CodeIgniter.php(497): CodeIgniter\CodeIgniter->runController(Object(CodeIgniter\Shield\Controllers\LoginController))
 5 SYSTEMPATH\CodeIgniter.php(366): CodeIgniter\CodeIgniter->handleRequest(null, Object(Config\Cache), false)
 6 FCPATH\index.php(67): CodeIgniter\CodeIgniter->run()
CRITICAL - 2023-07-13 05:15:08 --> The user has User Info in Session, so already logged in or in pending login state. If a logged in user logs in again with other account, the session data of the previous user will be used as the new user. Fix your code to prevent users from logging in without logging out or delete the session data. user_id: 1
in VENDORPATH\codeigniter4\shield\src\Authentication\Authenticators\Session.php on line 655.
 1 VENDORPATH\codeigniter4\shield\src\Authentication\Authenticators\Session.php(170): CodeIgniter\Shield\Authentication\Authenticators\Session->startLogin(Object(CodeIgniter\Shield\Entities\User))
 2 VENDORPATH\codeigniter4\shield\src\Controllers\LoginController.php(63): CodeIgniter\Shield\Authentication\Authenticators\Session->attempt([...])
 3 SYSTEMPATH\CodeIgniter.php(932): CodeIgniter\Shield\Controllers\LoginController->loginAction()
 4 SYSTEMPATH\CodeIgniter.php(497): CodeIgniter\CodeIgniter->runController(Object(CodeIgniter\Shield\Controllers\LoginController))
 5 SYSTEMPATH\CodeIgniter.php(366): CodeIgniter\CodeIgniter->handleRequest(null, Object(Config\Cache), false)
 6 FCPATH\index.php(67): CodeIgniter\CodeIgniter->run()
CRITICAL - 2023-07-13 05:25:46 --> The user has User Info in Session, so already logged in or in pending login state. If a logged in user logs in again with other account, the session data of the previous user will be used as the new user. Fix your code to prevent users from logging in without logging out or delete the session data. user_id: 1
in VENDORPATH\codeigniter4\shield\src\Authentication\Authenticators\Session.php on line 655.
 1 VENDORPATH\codeigniter4\shield\src\Authentication\Authenticators\Session.php(170): CodeIgniter\Shield\Authentication\Authenticators\Session->startLogin(Object(CodeIgniter\Shield\Entities\User))
 2 VENDORPATH\codeigniter4\shield\src\Controllers\LoginController.php(63): CodeIgniter\Shield\Authentication\Authenticators\Session->attempt([...])
 3 SYSTEMPATH\CodeIgniter.php(932): CodeIgniter\Shield\Controllers\LoginController->loginAction()
 4 SYSTEMPATH\CodeIgniter.php(497): CodeIgniter\CodeIgniter->runController(Object(CodeIgniter\Shield\Controllers\LoginController))
 5 SYSTEMPATH\CodeIgniter.php(366): CodeIgniter\CodeIgniter->handleRequest(null, Object(Config\Cache), false)
 6 FCPATH\index.php(67): CodeIgniter\CodeIgniter->run()
CRITICAL - 2023-07-13 05:25:54 --> The user has User Info in Session, so already logged in or in pending login state. If a logged in user logs in again with other account, the session data of the previous user will be used as the new user. Fix your code to prevent users from logging in without logging out or delete the session data. user_id: 1
in VENDORPATH\codeigniter4\shield\src\Authentication\Authenticators\Session.php on line 655.
 1 VENDORPATH\codeigniter4\shield\src\Authentication\Authenticators\Session.php(170): CodeIgniter\Shield\Authentication\Authenticators\Session->startLogin(Object(CodeIgniter\Shield\Entities\User))
 2 VENDORPATH\codeigniter4\shield\src\Controllers\LoginController.php(63): CodeIgniter\Shield\Authentication\Authenticators\Session->attempt([...])
 3 SYSTEMPATH\CodeIgniter.php(932): CodeIgniter\Shield\Controllers\LoginController->loginAction()
 4 SYSTEMPATH\CodeIgniter.php(497): CodeIgniter\CodeIgniter->runController(Object(CodeIgniter\Shield\Controllers\LoginController))
 5 SYSTEMPATH\CodeIgniter.php(366): CodeIgniter\CodeIgniter->handleRequest(null, Object(Config\Cache), false)
 6 FCPATH\index.php(67): CodeIgniter\CodeIgniter->run()
CRITICAL - 2023-07-13 05:29:09 --> The user has User Info in Session, so already logged in or in pending login state. If a logged in user logs in again with other account, the session data of the previous user will be used as the new user. Fix your code to prevent users from logging in without logging out or delete the session data. user_id: 1
in VENDORPATH\codeigniter4\shield\src\Authentication\Authenticators\Session.php on line 655.
 1 VENDORPATH\codeigniter4\shield\src\Authentication\Authenticators\Session.php(170): CodeIgniter\Shield\Authentication\Authenticators\Session->startLogin(Object(CodeIgniter\Shield\Entities\User))
 2 VENDORPATH\codeigniter4\shield\src\Controllers\LoginController.php(63): CodeIgniter\Shield\Authentication\Authenticators\Session->attempt([...])
 3 SYSTEMPATH\CodeIgniter.php(932): CodeIgniter\Shield\Controllers\LoginController->loginAction()
 4 SYSTEMPATH\CodeIgniter.php(497): CodeIgniter\CodeIgniter->runController(Object(CodeIgniter\Shield\Controllers\LoginController))
 5 SYSTEMPATH\CodeIgniter.php(366): CodeIgniter\CodeIgniter->handleRequest(null, Object(Config\Cache), false)
 6 FCPATH\index.php(67): CodeIgniter\CodeIgniter->run()
CRITICAL - 2023-07-13 07:51:06 --> Invalid file: "DataPermission.php"
in SYSTEMPATH\Exceptions\FrameworkException.php on line 33.
 1 SYSTEMPATH\View\View.php(212): CodeIgniter\Exceptions\FrameworkException::forInvalidFile('DataPermission.php')
 2 SYSTEMPATH\Common.php(1180): CodeIgniter\View\View->render('DataPermission', [], true)
 3 APPPATH\Controllers\DataPermissionsController.php(11): view('DataPermission')
 4 SYSTEMPATH\CodeIgniter.php(932): App\Controllers\DataPermissionsController->index()
 5 SYSTEMPATH\CodeIgniter.php(497): CodeIgniter\CodeIgniter->runController(Object(App\Controllers\DataPermissionsController))
 6 SYSTEMPATH\CodeIgniter.php(366): CodeIgniter\CodeIgniter->handleRequest(null, Object(Config\Cache), false)
 7 FCPATH\index.php(67): CodeIgniter\CodeIgniter->run()
 8 SYSTEMPATH\Commands\Server\rewrite.php(47): require_once('C:\\Users\\tegar\\Documents\\Github\\websc\\public\\index.php')
CRITICAL - 2023-07-13 07:52:00 --> Invalid file: "DataPermission.php"
in SYSTEMPATH\Exceptions\FrameworkException.php on line 33.
 1 SYSTEMPATH\View\View.php(212): CodeIgniter\Exceptions\FrameworkException::forInvalidFile('DataPermission.php')
 2 SYSTEMPATH\Common.php(1180): CodeIgniter\View\View->render('DataPermission', [], true)
 3 APPPATH\Controllers\DataPermissionsController.php(11): view('DataPermission')
 4 SYSTEMPATH\CodeIgniter.php(932): App\Controllers\DataPermissionsController->index()
 5 SYSTEMPATH\CodeIgniter.php(497): CodeIgniter\CodeIgniter->runController(Object(App\Controllers\DataPermissionsController))
 6 SYSTEMPATH\CodeIgniter.php(366): CodeIgniter\CodeIgniter->handleRequest(null, Object(Config\Cache), false)
 7 FCPATH\index.php(67): CodeIgniter\CodeIgniter->run()
 8 SYSTEMPATH\Commands\Server\rewrite.php(47): require_once('C:\\Users\\tegar\\Documents\\Github\\websc\\public\\index.php')
CRITICAL - 2023-07-13 07:52:02 --> Invalid file: "DataPermission.php"
in SYSTEMPATH\Exceptions\FrameworkException.php on line 33.
 1 SYSTEMPATH\View\View.php(212): CodeIgniter\Exceptions\FrameworkException::forInvalidFile('DataPermission.php')
 2 SYSTEMPATH\Common.php(1180): CodeIgniter\View\View->render('DataPermission', [], true)
 3 APPPATH\Controllers\DataPermissionsController.php(11): view('DataPermission')
 4 SYSTEMPATH\CodeIgniter.php(932): App\Controllers\DataPermissionsController->index()
 5 SYSTEMPATH\CodeIgniter.php(497): CodeIgniter\CodeIgniter->runController(Object(App\Controllers\DataPermissionsController))
 6 SYSTEMPATH\CodeIgniter.php(366): CodeIgniter\CodeIgniter->handleRequest(null, Object(Config\Cache), false)
 7 FCPATH\index.php(67): CodeIgniter\CodeIgniter->run()
 8 SYSTEMPATH\Commands\Server\rewrite.php(47): require_once('C:\\Users\\tegar\\Documents\\Github\\websc\\public\\index.php')
INFO - 2023-07-13 07:52:15 --> Session: Class initialized using 'CodeIgniter\Session\Handlers\FileHandler' driver.
INFO - 2023-07-13 07:52:16 --> Session: Class initialized using 'CodeIgniter\Session\Handlers\FileHandler' driver.
CRITICAL - 2023-07-13 07:52:17 --> Invalid file: "DataPermission.php"
in SYSTEMPATH\Exceptions\FrameworkException.php on line 33.
 1 SYSTEMPATH\View\View.php(212): CodeIgniter\Exceptions\FrameworkException::forInvalidFile('DataPermission.php')
 2 SYSTEMPATH\Common.php(1180): CodeIgniter\View\View->render('DataPermission', [], true)
 3 APPPATH\Controllers\DataPermissionsController.php(11): view('DataPermission')
 4 SYSTEMPATH\CodeIgniter.php(932): App\Controllers\DataPermissionsController->index()
 5 SYSTEMPATH\CodeIgniter.php(497): CodeIgniter\CodeIgniter->runController(Object(App\Controllers\DataPermissionsController))
 6 SYSTEMPATH\CodeIgniter.php(366): CodeIgniter\CodeIgniter->handleRequest(null, Object(Config\Cache), false)
 7 FCPATH\index.php(67): CodeIgniter\CodeIgniter->run()
 8 SYSTEMPATH\Commands\Server\rewrite.php(47): require_once('C:\\Users\\tegar\\Documents\\Github\\websc\\public\\index.php')
INFO - 2023-07-13 07:52:59 --> Session: Class initialized using 'CodeIgniter\Session\Handlers\FileHandler' driver.
INFO - 2023-07-13 07:52:59 --> Session: Class initialized using 'CodeIgniter\Session\Handlers\FileHandler' driver.
INFO - 2023-07-13 07:53:00 --> Session: Class initialized using 'CodeIgniter\Session\Handlers\FileHandler' driver.
INFO - 2023-07-13 07:53:01 --> Session: Class initialized using 'CodeIgniter\Session\Handlers\FileHandler' driver.
INFO - 2023-07-13 07:53:01 --> Session: Class initialized using 'CodeIgniter\Session\Handlers\FileHandler' driver.
INFO - 2023-07-13 07:53:02 --> Session: Class initialized using 'CodeIgniter\Session\Handlers\FileHandler' driver.
INFO - 2023-07-13 07:53:28 --> Session: Class initialized using 'CodeIgniter\Session\Handlers\FileHandler' driver.
INFO - 2023-07-13 07:53:29 --> Session: Class initialized using 'CodeIgniter\Session\Handlers\FileHandler' driver.
INFO - 2023-07-13 07:53:29 --> Session: Class initialized using 'CodeIgniter\Session\Handlers\FileHandler' driver.
INFO - 2023-07-13 07:53:30 --> Session: Class initialized using 'CodeIgniter\Session\Handlers\FileHandler' driver.
INFO - 2023-07-13 07:53:34 --> Session: Class initialized using 'CodeIgniter\Session\Handlers\FileHandler' driver.
INFO - 2023-07-13 07:53:34 --> Session: Class initialized using 'CodeIgniter\Session\Handlers\FileHandler' driver.
INFO - 2023-07-13 07:53:35 --> Session: Class initialized using 'CodeIgniter\Session\Handlers\FileHandler' driver.
INFO - 2023-07-13 07:53:36 --> Session: Class initialized using 'CodeIgniter\Session\Handlers\FileHandler' driver.
INFO - 2023-07-13 07:55:08 --> Session: Class initialized using 'CodeIgniter\Session\Handlers\FileHandler' driver.
INFO - 2023-07-13 07:55:08 --> Session: Class initialized using 'CodeIgniter\Session\Handlers\FileHandler' driver.
INFO - 2023-07-13 07:55:09 --> Session: Class initialized using 'CodeIgniter\Session\Handlers\FileHandler' driver.
INFO - 2023-07-13 07:55:10 --> Session: Class initialized using 'CodeIgniter\Session\Handlers\FileHandler' driver.
INFO - 2023-07-13 07:56:43 --> Session: Class initialized using 'CodeIgniter\Session\Handlers\FileHandler' driver.
INFO - 2023-07-13 07:56:43 --> Session: Class initialized using 'CodeIgniter\Session\Handlers\FileHandler' driver.
INFO - 2023-07-13 07:57:33 --> Session: Class initialized using 'CodeIgniter\Session\Handlers\FileHandler' driver.
INFO - 2023-07-13 07:57:33 --> Session: Class initialized using 'CodeIgniter\Session\Handlers\FileHandler' driver.
INFO - 2023-07-13 07:57:39 --> Session: Class initialized using 'CodeIgniter\Session\Handlers\FileHandler' driver.
INFO - 2023-07-13 07:57:39 --> Session: Class initialized using 'CodeIgniter\Session\Handlers\FileHandler' driver.
INFO - 2023-07-13 07:57:57 --> Session: Class initialized using 'CodeIgniter\Session\Handlers\FileHandler' driver.
INFO - 2023-07-13 07:57:58 --> Session: Class initialized using 'CodeIgniter\Session\Handlers\FileHandler' driver.
INFO - 2023-07-13 07:57:58 --> Session: Class initialized using 'CodeIgniter\Session\Handlers\FileHandler' driver.
INFO - 2023-07-13 07:57:59 --> Session: Class initialized using 'CodeIgniter\Session\Handlers\FileHandler' driver.
INFO - 2023-07-13 07:58:00 --> Session: Class initialized using 'CodeIgniter\Session\Handlers\FileHandler' driver.
INFO - 2023-07-13 07:58:01 --> Session: Class initialized using 'CodeIgniter\Session\Handlers\FileHandler' driver.
INFO - 2023-07-13 07:58:05 --> Session: Class initialized using 'CodeIgniter\Session\Handlers\FileHandler' driver.
INFO - 2023-07-13 07:58:06 --> Session: Class initialized using 'CodeIgniter\Session\Handlers\FileHandler' driver.
INFO - 2023-07-13 07:58:07 --> Session: Class initialized using 'CodeIgniter\Session\Handlers\FileHandler' driver.
INFO - 2023-07-13 07:58:07 --> Session: Class initialized using 'CodeIgniter\Session\Handlers\FileHandler' driver.
INFO - 2023-07-13 07:58:18 --> Session: Class initialized using 'CodeIgniter\Session\Handlers\FileHandler' driver.
INFO - 2023-07-13 07:58:19 --> Session: Class initialized using 'CodeIgniter\Session\Handlers\FileHandler' driver.
INFO - 2023-07-13 07:58:21 --> Session: Class initialized using 'CodeIgniter\Session\Handlers\FileHandler' driver.
INFO - 2023-07-13 07:58:21 --> Session: Class initialized using 'CodeIgniter\Session\Handlers\FileHandler' driver.
INFO - 2023-07-13 07:58:22 --> Session: Class initialized using 'CodeIgniter\Session\Handlers\FileHandler' driver.
INFO - 2023-07-13 07:58:22 --> Session: Class initialized using 'CodeIgniter\Session\Handlers\FileHandler' driver.
INFO - 2023-07-13 07:58:23 --> Session: Class initialized using 'CodeIgniter\Session\Handlers\FileHandler' driver.
INFO - 2023-07-13 07:58:24 --> Session: Class initialized using 'CodeIgniter\Session\Handlers\FileHandler' driver.
